  0.000000    
  0.000000    
  0.000000    
  0.000000    
  0.000000    
  0.000000    
  0.000000    
  0.000000    
  0.000000    
  0.000000    
  206.0000    
  1478.000    
  4944.000    
  8429.000    
  6757.000    
  6707.000    
  6817.000    
  7169.000    
  7521.000    
  7858.000    
  8417.000    
  8677.000    
  8984.000    
  9525.000    
  9567.000    
  9906.000    
  10363.00    
  10726.00    
  11088.00    
  11059.00    
  11405.00    
  11629.00    
  11806.00    
  11858.00    
  12146.00    
  12320.00    
  12375.00    
  12607.00    
  12703.00    
  12802.00    
  12965.00    
  12767.00    
  13077.00    
  13158.00    
  13238.00    
  13126.00    
  13133.00    
  13180.00    
  13299.00    
  13320.00    
  13227.00    
  13162.00    
  13050.00    
  13264.00    
  13189.00    
  13241.00    
  13165.00    
  13557.00    
  13425.00    
  13931.00    
  14466.00    
  15033.00    
  15950.00    
  16778.00    
  17366.00    
  17820.00    
  17860.00    
  17635.00    
  16906.00    
  16228.00    
  15935.00    
  15327.00    
  14946.00    
  14714.00    
  14114.00    
  13990.00    
  13726.00    
  13238.00    
  13160.00    
  12926.00    
  12235.00    
  12276.00    
  11827.00    
  11776.00    
  11601.00    
  11350.00    
  11312.00    
  11115.00    
  11052.00    
  10945.00    
  10895.00    
  10965.00    
  10958.00    
  10814.00    
  11011.00    
  11273.00    
  11266.00    
  11469.00    
  12027.00    
  12408.00    
  13082.00    
  13460.00    
  13894.00    
  13645.00    
  13292.00    
  12472.00    
  11738.00    
  10926.00    
  10209.00    
  9793.000    
  9319.000    
  9037.000    
  8560.000    
  8338.000    
  7941.000    
  7647.000    
  7526.000    
  7296.000    
  7468.000    
  6998.000    
  6852.000    
  6642.000    
  6704.000    
  6440.000    
  6407.000    
  6335.000    
  6293.000    
  6278.000    
  5990.000    
  6148.000    
  6217.000    
  5982.000    
  6015.000    
  5983.000    
  5831.000    
  5696.000    
  5659.000    
  5540.000    
  5465.000    
  5308.000    
  5250.000    
  5253.000    
  5105.000    
  4886.000    
  4911.000    
  4676.000    
  4619.000    
  4650.000    
  4417.000    
  4320.000    
  4373.000    
  4292.000    
  4183.000    
  4275.000    
  4125.000    
  4153.000    
  4125.000    
  3964.000    
  4027.000    
  4056.000    
  4042.000    
  3830.000    
  3904.000    
  3841.000    
  3732.000    
  3790.000    
  3661.000    
  3512.000    
  3571.000    
  3437.000    
  3401.000    
  3293.000    
  3260.000    
  3261.000    
  3246.000    
  3200.000    
  3095.000    
  3129.000    
  2854.000    
  3005.000    
  2873.000    
  2847.000    
  2879.000    
  2762.000    
  2816.000    
  2693.000    
  2705.000    
  2612.000    
  2676.000    
  2642.000    
  2638.000    
  2601.000    
  2524.000    
  2465.000    
  2461.000    
  2477.000    
  2424.000    
  2400.000    
  2311.000    
  2315.000    
  2278.000    
  2355.000    
  2224.000    
  2218.000    
  2256.000    
  2166.000    
  2163.000    
  2178.000    
  2147.000    
  2160.000    
  2083.000    
  2123.000    
  2095.000    
  1926.000    
  2057.000    
  2024.000    
  1938.000    
  1898.000    
  1921.000    
  1884.000    
  1887.000    
  1872.000    
  1885.000    
  1878.000    
  1759.000    
  1765.000    
  1778.000    
  1783.000    
  1752.000    
  1723.000    
  1758.000    
  1678.000    
  1696.000    
  1746.000    
  1626.000    
  1601.000    
  1607.000    
  1559.000    
  1548.000    
  1626.000    
  1569.000    
  1538.000    
  1523.000    
  1491.000    
  1457.000    
  1472.000    
  1413.000    
  1406.000    
  1461.000    
  1378.000    
  1500.000    
  1429.000    
  1428.000    
  1388.000    
  1397.000    
  1435.000    
  1389.000    
  1368.000    
  1379.000    
  1356.000    
  1325.000    
  1335.000    
  1213.000    
  1324.000    
  1274.000    
  1300.000    
  1239.000    
  1219.000    
  1178.000    
  1201.000    
  1163.000    
  1130.000    
  1145.000    
  1224.000    
  1112.000    
  1128.000    
  1170.000    
  1111.000    
  1128.000    
  1094.000    
  1042.000    
  1158.000    
  1044.000    
  1094.000    
  1026.000    
  1054.000    
  1064.000    
  1072.000    
  1040.000    
  1065.000    
  992.0000    
  1013.000    
  972.0000    
  982.0000    
  995.0000    
  947.0000    
  968.0000    
  941.0000    
  1013.000    
  945.0000    
